<?xml version="1.0" encoding="UTF-8"?>
<!-- Generated by org.testng.reporters.JUnitReportReporter -->
<testsuite hostname="DESKTOP-J60NGBA" failures="0" tests="3" name="Tescases.LoginPageTest" time="1.211" errors="0" timestamp="2022-10-01T20:29:20 IST" skipped="0">
  <testcase classname="Tescases.LoginPageTest" name="loginpagetittleTest" time="0.083"/>
  <system-out/>
  <testcase classname="Tescases.LoginPageTest" name="logotest" time="0.383"/>
  <system-out/>
  <testcase classname="Tescases.LoginPageTest" name="LogiTest" time="0.745"/>
  <system-out/>
</testsuite> <!-- Tescases.LoginPageTest -->
