<?xml version="1.0" encoding="UTF-8"?>
<!-- Generated by org.testng.reporters.JUnitReportReporter -->
<testsuite hostname="DESKTOP-J60NGBA" failures="0" tests="2" name="Tescases.NewAccountCreationPageTest" time="31.779" errors="0" timestamp="2022-10-01T20:29:20 IST" skipped="0">
  <testcase classname="Tescases.NewAccountCreationPageTest" name="verifyNewAccountTittleTest" time="12.686"/>
  <system-out/>
  <testcase classname="Tescases.NewAccountCreationPageTest" name="ValidateNewAccountCreationTest" time="19.093"/>
  <system-out/>
</testsuite> <!-- Tescases.NewAccountCreationPageTest -->
