<?xml version="1.0" encoding="UTF-8"?>
<!-- Generated by org.testng.reporters.JUnitReportReporter -->
<testsuite hostname="DESKTOP-J60NGBA" failures="0" tests="2" name="Tescases.ApplyLoanPageWay2Test" time="57.181" errors="0" timestamp="2022-10-01T20:29:20 IST" skipped="0">
  <testcase classname="Tescases.ApplyLoanPageWay2Test" name="ValidateApplyLoanWay2Test" time="27.105"/>
  <system-out/>
  <testcase classname="Tescases.ApplyLoanPageWay2Test" name="ValidateApplyLoanWay2Test" time="30.076"/>
  <system-out/>
</testsuite> <!-- Tescases.ApplyLoanPageWay2Test -->
