<?xml version="1.0" encoding="UTF-8"?>
<!-- Generated by org.testng.reporters.JUnitReportReporter -->
<testsuite hostname="DESKTOP-J60NGBA" failures="0" tests="2" name="Tescases.ApplyLoanPageWay1Test" time="49.001" errors="0" timestamp="2022-10-01T20:29:20 IST" skipped="0">
  <testcase classname="Tescases.ApplyLoanPageWay1Test" name="validateApplyLoanformWay1" time="24.590"/>
  <system-out/>
  <testcase classname="Tescases.ApplyLoanPageWay1Test" name="validateApplyLoanformWay1" time="24.411"/>
  <system-out/>
</testsuite> <!-- Tescases.ApplyLoanPageWay1Test -->
