<?xml version="1.0" encoding="UTF-8"?>
<!-- Generated by org.testng.reporters.JUnitReportReporter -->
<testsuite hostname="DESKTOP-J60NGBA" failures="0" tests="2" name="Tescases.HomePageTest" time="33.496" errors="0" timestamp="2022-10-01T20:29:20 IST" skipped="0">
  <testcase classname="Tescases.HomePageTest" name="verifyHomepageTittleTest" time="14.167"/>
  <system-out/>
  <testcase classname="Tescases.HomePageTest" name="VerifyclickTransfrerFundTest" time="19.329"/>
  <system-out/>
</testsuite> <!-- Tescases.HomePageTest -->
