<?xml version="1.0" encoding="UTF-8"?>
<!-- Generated by org.testng.reporters.JUnitReportReporter -->
<testsuite hostname="DESKTOP-J60NGBA" failures="0" tests="3" name="Tescases.TransferfundPageTest" time="51.807" errors="0" timestamp="2022-10-01T20:29:20 IST" skipped="0">
  <testcase classname="Tescases.TransferfundPageTest" name="verifyfromboxTest" time="15.149"/>
  <system-out/>
  <testcase classname="Tescases.TransferfundPageTest" name="verifyToboxTest" time="17.900"/>
  <system-out/>
  <testcase classname="Tescases.TransferfundPageTest" name="VerifyConfrimTransferTest" time="18.758"/>
  <system-out/>
</testsuite> <!-- Tescases.TransferfundPageTest -->
