<?xml version="1.0" encoding="UTF-8"?>
<!-- Generated by org.testng.reporters.JUnitReportReporter -->
<testsuite hostname="DESKTOP-J60NGBA" failures="0" tests="1" name="Tescases.ApplyLoanPageTest" time="59.157" errors="0" timestamp="2022-09-28T21:04:28 IST" skipped="0">
  <testcase classname="Tescases.ApplyLoanPageTest" name="validateApplyLoanform" time="59.157"/>
  <system-out/>
</testsuite> <!-- Tescases.ApplyLoanPageTest -->
