<?xml version="1.0" encoding="UTF-8"?>
<!-- Generated by org.testng.reporters.JUnitReportReporter -->
<testsuite hostname="DESKTOP-J60NGBA" failures="0" tests="1" name="Tescases.RegisterationPageTest" time="7.899" errors="0" timestamp="2022-10-01T20:29:19 IST" skipped="0">
  <testcase classname="Tescases.RegisterationPageTest" name="ValidateRegisterPageTest" time="7.899"/>
  <system-out/>
</testsuite> <!-- Tescases.RegisterationPageTest -->
